[0.055s] DEBUG:colcon:Command line arguments: ['/usr/bin/colcon', 'build', '--symlink-install', '--cmake-args', '-DPython3_EXECUTABLE=/usr/bin/python3']
[0.055s] DEBUG:colcon:Parsed command line arguments: Namespace(log_base=None, log_level=None, verb_name='build', build_base='build', install_base='install', merge_install=False, symlink_install=True, test_result_base=None, continue_on_error=False, executor='parallel', parallel_workers=20, event_handlers=None, ignore_user_meta=False, metas=['./colcon.meta'], base_paths=['.'], packages_ignore=None, packages_ignore_regex=None, paths=None, packages_up_to=None, packages_up_to_regex=None, packages_above=None, packages_above_and_dependencies=None, packages_above_depth=None, packages_select_by_dep=None, packages_skip_by_dep=None, packages_skip_up_to=None, packages_select_build_failed=False, packages_skip_build_finished=False, packages_select_test_failures=False, packages_skip_test_passed=False, packages_select=None, packages_skip=None, packages_select_regex=None, packages_skip_regex=None, packages_start=None, packages_end=None, allow_overriding=[], cmake_args=['-DPython3_EXECUTABLE=/usr/bin/python3'], cmake_target=None, cmake_target_skip_unavailable=False, cmake_clean_cache=False, cmake_clean_first=False, cmake_force_configure=False, ament_cmake_args=None, catkin_cmake_args=None, catkin_skip_building_tests=False, verb_parser=<colcon_defaults.argument_parser.defaults.DefaultArgumentsDecorator object at 0x7e2198023af0>, verb_extension=<colcon_core.verb.build.BuildVerb object at 0x7e2198168f40>, main=<bound method BuildVerb.main of <colcon_core.verb.build.BuildVerb object at 0x7e2198168f40>>)
[0.134s] Level 1:colcon.colcon_core.package_discovery:discover_packages(colcon_meta) check parameters
[0.135s] Level 1:colcon.colcon_core.package_discovery:discover_packages(recursive) check parameters
[0.135s] Level 1:colcon.colcon_core.package_discovery:discover_packages(ignore) check parameters
[0.135s] Level 1:colcon.colcon_core.package_discovery:discover_packages(path) check parameters
[0.135s] Level 1:colcon.colcon_core.package_discovery:discover_packages(colcon_meta) discover
[0.135s] Level 1:colcon.colcon_core.package_discovery:discover_packages(recursive) discover
[0.135s] INFO:colcon.colcon_core.package_discovery:Crawling recursively for packages in '/home/yd/program/nyx/FAST-LIO/fastlio_ws'
[0.135s] Level 1:colcon.colcon_core.package_identification:_identify(.) by extensions ['ignore', 'ignore_ament_install']
[0.135s] Level 1:colcon.colcon_core.package_identification:_identify(.) by extension 'ignore'
[0.135s] Level 1:colcon.colcon_core.package_identification:_identify(.) by extension 'ignore_ament_install'
[0.135s] Level 1:colcon.colcon_core.package_identification:_identify(.) by extensions ['colcon_pkg']
[0.135s] Level 1:colcon.colcon_core.package_identification:_identify(.) by extension 'colcon_pkg'
[0.135s] Level 1:colcon.colcon_core.package_identification:_identify(.) by extensions ['colcon_meta']
[0.135s] Level 1:colcon.colcon_core.package_identification:_identify(.) by extension 'colcon_meta'
[0.135s] Level 1:colcon.colcon_core.package_identification:_identify(.) by extensions ['ros']
[0.135s] Level 1:colcon.colcon_core.package_identification:_identify(.) by extension 'ros'
[0.141s] Level 1:colcon.colcon_core.package_identification:_identify(.) by extensions ['cmake', 'python']
[0.141s] Level 1:colcon.colcon_core.package_identification:_identify(.) by extension 'cmake'
[0.141s] Level 1:colcon.colcon_core.package_identification:_identify(.) by extension 'python'
[0.141s] Level 1:colcon.colcon_core.package_identification:_identify(.) by extensions ['python_setup_py']
[0.141s] Level 1:colcon.colcon_core.package_identification:_identify(.) by extension 'python_setup_py'
[0.142s] Level 1:colcon.colcon_core.package_identification:_identify(build) by extensions ['ignore', 'ignore_ament_install']
[0.142s] Level 1:colcon.colcon_core.package_identification:_identify(build) by extension 'ignore'
[0.142s] Level 1:colcon.colcon_core.package_identification:_identify(build) ignored
[0.142s] Level 1:colcon.colcon_core.package_identification:_identify(install) by extensions ['ignore', 'ignore_ament_install']
[0.142s] Level 1:colcon.colcon_core.package_identification:_identify(install) by extension 'ignore'
[0.142s] Level 1:colcon.colcon_core.package_identification:_identify(install) ignored
[0.142s] Level 1:colcon.colcon_core.package_identification:_identify(log) by extensions ['ignore', 'ignore_ament_install']
[0.142s] Level 1:colcon.colcon_core.package_identification:_identify(log) by extension 'ignore'
[0.142s] Level 1:colcon.colcon_core.package_identification:_identify(log) ignored
[0.142s] Level 1:colcon.colcon_core.package_identification:_identify(src) by extensions ['ignore', 'ignore_ament_install']
[0.142s] Level 1:colcon.colcon_core.package_identification:_identify(src) by extension 'ignore'
[0.142s] Level 1:colcon.colcon_core.package_identification:_identify(src) by extension 'ignore_ament_install'
[0.142s] Level 1:colcon.colcon_core.package_identification:_identify(src) by extensions ['colcon_pkg']
[0.142s] Level 1:colcon.colcon_core.package_identification:_identify(src) by extension 'colcon_pkg'
[0.142s] Level 1:colcon.colcon_core.package_identification:_identify(src) by extensions ['colcon_meta']
[0.142s] Level 1:colcon.colcon_core.package_identification:_identify(src) by extension 'colcon_meta'
[0.142s] Level 1:colcon.colcon_core.package_identification:_identify(src) by extensions ['ros']
[0.142s] Level 1:colcon.colcon_core.package_identification:_identify(src) by extension 'ros'
[0.142s] Level 1:colcon.colcon_core.package_identification:_identify(src) by extensions ['cmake', 'python']
[0.142s] Level 1:colcon.colcon_core.package_identification:_identify(src) by extension 'cmake'
[0.142s] Level 1:colcon.colcon_core.package_identification:_identify(src) by extension 'python'
[0.142s] Level 1:colcon.colcon_core.package_identification:_identify(src) by extensions ['python_setup_py']
[0.142s] Level 1:colcon.colcon_core.package_identification:_identify(src) by extension 'python_setup_py'
[0.142s] Level 1:colcon.colcon_core.package_identification:_identify(src/FAST_LIO_ROS2) by extensions ['ignore', 'ignore_ament_install']
[0.142s] Level 1:colcon.colcon_core.package_identification:_identify(src/FAST_LIO_ROS2) by extension 'ignore'
[0.142s] Level 1:colcon.colcon_core.package_identification:_identify(src/FAST_LIO_ROS2) by extension 'ignore_ament_install'
[0.142s] Level 1:colcon.colcon_core.package_identification:_identify(src/FAST_LIO_ROS2) by extensions ['colcon_pkg']
[0.142s] Level 1:colcon.colcon_core.package_identification:_identify(src/FAST_LIO_ROS2) by extension 'colcon_pkg'
[0.142s] Level 1:colcon.colcon_core.package_identification:_identify(src/FAST_LIO_ROS2) by extensions ['colcon_meta']
[0.142s] Level 1:colcon.colcon_core.package_identification:_identify(src/FAST_LIO_ROS2) by extension 'colcon_meta'
[0.142s] Level 1:colcon.colcon_core.package_identification:_identify(src/FAST_LIO_ROS2) by extensions ['ros']
[0.142s] Level 1:colcon.colcon_core.package_identification:_identify(src/FAST_LIO_ROS2) by extension 'ros'
[0.144s] DEBUG:colcon.colcon_core.package_identification:Package 'src/FAST_LIO_ROS2' with type 'ros.ament_cmake' and name 'fast_lio'
[0.144s] Level 1:colcon.colcon_core.package_discovery:discover_packages(recursive) using defaults
[0.144s] Level 1:colcon.colcon_core.package_discovery:discover_packages(ignore) discover
[0.144s] Level 1:colcon.colcon_core.package_discovery:discover_packages(ignore) using defaults
[0.144s] Level 1:colcon.colcon_core.package_discovery:discover_packages(path) discover
[0.144s] Level 1:colcon.colcon_core.package_discovery:discover_packages(path) using defaults
[0.156s] Level 1:colcon.colcon_core.package_discovery:discover_packages(prefix_path) check parameters
[0.156s] Level 1:colcon.colcon_core.package_discovery:discover_packages(prefix_path) discover
[0.157s] DEBUG:colcon.colcon_installed_package_information.package_discovery:Found 1 installed packages in /home/yd/program/nyx/FAST-LIO/ros2_ws/install
[0.157s] DEBUG:colcon.colcon_installed_package_information.package_discovery:Found 273 installed packages in /opt/ros/humble
[0.165s] Level 1:colcon.colcon_core.package_discovery:discover_packages(prefix_path) using defaults
[0.184s] Level 5:colcon.colcon_core.verb:set package 'fast_lio' build argument 'cmake_args' from command line to '['-DPython3_EXECUTABLE=/usr/bin/python3']'
[0.184s] Level 5:colcon.colcon_core.verb:set package 'fast_lio' build argument 'cmake_target' from command line to 'None'
[0.184s] Level 5:colcon.colcon_core.verb:set package 'fast_lio' build argument 'cmake_target_skip_unavailable' from command line to 'False'
[0.184s] Level 5:colcon.colcon_core.verb:set package 'fast_lio' build argument 'cmake_clean_cache' from command line to 'False'
[0.184s] Level 5:colcon.colcon_core.verb:set package 'fast_lio' build argument 'cmake_clean_first' from command line to 'False'
[0.184s] Level 5:colcon.colcon_core.verb:set package 'fast_lio' build argument 'cmake_force_configure' from command line to 'False'
[0.184s] Level 5:colcon.colcon_core.verb:set package 'fast_lio' build argument 'ament_cmake_args' from command line to 'None'
[0.184s] Level 5:colcon.colcon_core.verb:set package 'fast_lio' build argument 'catkin_cmake_args' from command line to 'None'
[0.184s] Level 5:colcon.colcon_core.verb:set package 'fast_lio' build argument 'catkin_skip_building_tests' from command line to 'False'
[0.184s] DEBUG:colcon.colcon_core.verb:Building package 'fast_lio' with the following arguments: {'ament_cmake_args': None, 'build_base': '/home/yd/program/nyx/FAST-LIO/fastlio_ws/build/fast_lio', 'catkin_cmake_args': None, 'catkin_skip_building_tests': False, 'cmake_args': ['-DPython3_EXECUTABLE=/usr/bin/python3'], 'cmake_clean_cache': False, 'cmake_clean_first': False, 'cmake_force_configure': False, 'cmake_target': None, 'cmake_target_skip_unavailable': False, 'install_base': '/home/yd/program/nyx/FAST-LIO/fastlio_ws/install/fast_lio', 'merge_install': False, 'path': '/home/yd/program/nyx/FAST-LIO/fastlio_ws/src/FAST_LIO_ROS2', 'symlink_install': True, 'test_result_base': None}
[0.184s] INFO:colcon.colcon_core.executor:Executing jobs using 'parallel' executor
[0.185s] DEBUG:colcon.colcon_parallel_executor.executor.parallel:run_until_complete
[0.185s] INFO:colcon.colcon_ros.task.ament_cmake.build:Building ROS package in '/home/yd/program/nyx/FAST-LIO/fastlio_ws/src/FAST_LIO_ROS2' with build type 'ament_cmake'
[0.185s] INFO:colcon.colcon_cmake.task.cmake.build:Building CMake package in '/home/yd/program/nyx/FAST-LIO/fastlio_ws/src/FAST_LIO_ROS2'
[0.186s] INFO:colcon.colcon_core.plugin_system:Skipping extension 'colcon_core.shell.bat': Not used on non-Windows systems
[0.186s] INFO:colcon.colcon_core.shell:Skip shell extension 'powershell' for command environment: Not usable outside of PowerShell
[0.186s] DEBUG:colcon.colcon_core.shell:Skip shell extension 'dsv' for command environment
[0.192s] DEBUG:colcon.colcon_core.event_handler.log_command:Invoking command in '/home/yd/program/nyx/FAST-LIO/fastlio_ws/build/fast_lio': CMAKE_PREFIX_PATH=${CMAKE_PREFIX_PATH}:/opt/ros/humble /usr/bin/cmake /home/yd/program/nyx/FAST-LIO/fastlio_ws/src/FAST_LIO_ROS2 -DPython3_EXECUTABLE=/usr/bin/python3 -DAMENT_CMAKE_SYMLINK_INSTALL=1 -DCMAKE_INSTALL_PREFIX=/home/yd/program/nyx/FAST-LIO/fastlio_ws/install/fast_lio
[3.585s] DEBUG:colcon.colcon_core.event_handler.log_command:Invoked command in '/home/yd/program/nyx/FAST-LIO/fastlio_ws/build/fast_lio' returned '0': CMAKE_PREFIX_PATH=${CMAKE_PREFIX_PATH}:/opt/ros/humble /usr/bin/cmake /home/yd/program/nyx/FAST-LIO/fastlio_ws/src/FAST_LIO_ROS2 -DPython3_EXECUTABLE=/usr/bin/python3 -DAMENT_CMAKE_SYMLINK_INSTALL=1 -DCMAKE_INSTALL_PREFIX=/home/yd/program/nyx/FAST-LIO/fastlio_ws/install/fast_lio
[3.587s] DEBUG:colcon.colcon_core.event_handler.log_command:Invoking command in '/home/yd/program/nyx/FAST-LIO/fastlio_ws/build/fast_lio': CMAKE_PREFIX_PATH=${CMAKE_PREFIX_PATH}:/opt/ros/humble /usr/bin/cmake --build /home/yd/program/nyx/FAST-LIO/fastlio_ws/build/fast_lio -- -j20 -l20
[50.233s] DEBUG:colcon.colcon_core.event_handler.log_command:Invoked command in '/home/yd/program/nyx/FAST-LIO/fastlio_ws/build/fast_lio' returned '0': CMAKE_PREFIX_PATH=${CMAKE_PREFIX_PATH}:/opt/ros/humble /usr/bin/cmake --build /home/yd/program/nyx/FAST-LIO/fastlio_ws/build/fast_lio -- -j20 -l20
[50.240s] DEBUG:colcon.colcon_core.event_handler.log_command:Invoking command in '/home/yd/program/nyx/FAST-LIO/fastlio_ws/build/fast_lio': CMAKE_PREFIX_PATH=${CMAKE_PREFIX_PATH}:/opt/ros/humble /usr/bin/cmake --install /home/yd/program/nyx/FAST-LIO/fastlio_ws/build/fast_lio
[50.767s] Level 1:colcon.colcon_core.environment:create_environment_scripts_only(fast_lio)
[50.768s] DEBUG:colcon.colcon_core.event_handler.log_command:Invoked command in '/home/yd/program/nyx/FAST-LIO/fastlio_ws/build/fast_lio' returned '0': CMAKE_PREFIX_PATH=${CMAKE_PREFIX_PATH}:/opt/ros/humble /usr/bin/cmake --install /home/yd/program/nyx/FAST-LIO/fastlio_ws/build/fast_lio
[50.770s] Level 1:colcon.colcon_core.environment:checking '/home/yd/program/nyx/FAST-LIO/fastlio_ws/install/fast_lio' for CMake module files
[50.770s] Level 1:colcon.colcon_core.environment:checking '/home/yd/program/nyx/FAST-LIO/fastlio_ws/install/fast_lio' for CMake config files
[50.771s] Level 1:colcon.colcon_core.shell:create_environment_hook('fast_lio', 'cmake_prefix_path')
[50.771s] INFO:colcon.colcon_core.shell:Creating environment hook '/home/yd/program/nyx/FAST-LIO/fastlio_ws/install/fast_lio/share/fast_lio/hook/cmake_prefix_path.ps1'
[50.772s] INFO:colcon.colcon_core.shell:Creating environment descriptor '/home/yd/program/nyx/FAST-LIO/fastlio_ws/install/fast_lio/share/fast_lio/hook/cmake_prefix_path.dsv'
[50.772s] INFO:colcon.colcon_core.shell:Creating environment hook '/home/yd/program/nyx/FAST-LIO/fastlio_ws/install/fast_lio/share/fast_lio/hook/cmake_prefix_path.sh'
[50.773s] Level 1:colcon.colcon_core.environment:checking '/home/yd/program/nyx/FAST-LIO/fastlio_ws/install/fast_lio/lib'
[50.773s] Level 1:colcon.colcon_core.shell:create_environment_hook('fast_lio', 'ld_library_path_lib')
[50.773s] INFO:colcon.colcon_core.shell:Creating environment hook '/home/yd/program/nyx/FAST-LIO/fastlio_ws/install/fast_lio/share/fast_lio/hook/ld_library_path_lib.ps1'
[50.773s] INFO:colcon.colcon_core.shell:Creating environment descriptor '/home/yd/program/nyx/FAST-LIO/fastlio_ws/install/fast_lio/share/fast_lio/hook/ld_library_path_lib.dsv'
[50.774s] INFO:colcon.colcon_core.shell:Creating environment hook '/home/yd/program/nyx/FAST-LIO/fastlio_ws/install/fast_lio/share/fast_lio/hook/ld_library_path_lib.sh'
[50.774s] Level 1:colcon.colcon_core.environment:checking '/home/yd/program/nyx/FAST-LIO/fastlio_ws/install/fast_lio/bin'
[50.774s] Level 1:colcon.colcon_core.environment:checking '/home/yd/program/nyx/FAST-LIO/fastlio_ws/install/fast_lio/lib/pkgconfig/fast_lio.pc'
[50.774s] Level 1:colcon.colcon_core.environment:checking '/home/yd/program/nyx/FAST-LIO/fastlio_ws/install/fast_lio/lib/python3.10/site-packages'
[50.774s] Level 1:colcon.colcon_core.environment:checking '/home/yd/program/nyx/FAST-LIO/fastlio_ws/install/fast_lio/bin'
[50.775s] INFO:colcon.colcon_core.shell:Creating package script '/home/yd/program/nyx/FAST-LIO/fastlio_ws/install/fast_lio/share/fast_lio/package.ps1'
[50.775s] INFO:colcon.colcon_core.shell:Creating package descriptor '/home/yd/program/nyx/FAST-LIO/fastlio_ws/install/fast_lio/share/fast_lio/package.dsv'
[50.776s] INFO:colcon.colcon_core.shell:Creating package script '/home/yd/program/nyx/FAST-LIO/fastlio_ws/install/fast_lio/share/fast_lio/package.sh'
[50.777s] INFO:colcon.colcon_core.shell:Creating package script '/home/yd/program/nyx/FAST-LIO/fastlio_ws/install/fast_lio/share/fast_lio/package.bash'
[50.777s] INFO:colcon.colcon_core.shell:Creating package script '/home/yd/program/nyx/FAST-LIO/fastlio_ws/install/fast_lio/share/fast_lio/package.zsh'
[50.778s] Level 1:colcon.colcon_core.environment:create_file_with_runtime_dependencies(/home/yd/program/nyx/FAST-LIO/fastlio_ws/install/fast_lio/share/colcon-core/packages/fast_lio)
[50.779s] Level 1:colcon.colcon_core.environment:create_environment_scripts_only(fast_lio)
[50.779s] Level 1:colcon.colcon_core.environment:checking '/home/yd/program/nyx/FAST-LIO/fastlio_ws/install/fast_lio' for CMake module files
[50.779s] Level 1:colcon.colcon_core.environment:checking '/home/yd/program/nyx/FAST-LIO/fastlio_ws/install/fast_lio' for CMake config files
[50.780s] Level 1:colcon.colcon_core.shell:create_environment_hook('fast_lio', 'cmake_prefix_path')
[50.780s] INFO:colcon.colcon_core.shell:Creating environment hook '/home/yd/program/nyx/FAST-LIO/fastlio_ws/install/fast_lio/share/fast_lio/hook/cmake_prefix_path.ps1'
[50.780s] INFO:colcon.colcon_core.shell:Creating environment descriptor '/home/yd/program/nyx/FAST-LIO/fastlio_ws/install/fast_lio/share/fast_lio/hook/cmake_prefix_path.dsv'
[50.781s] INFO:colcon.colcon_core.shell:Creating environment hook '/home/yd/program/nyx/FAST-LIO/fastlio_ws/install/fast_lio/share/fast_lio/hook/cmake_prefix_path.sh'
[50.781s] Level 1:colcon.colcon_core.environment:checking '/home/yd/program/nyx/FAST-LIO/fastlio_ws/install/fast_lio/lib'
[50.781s] Level 1:colcon.colcon_core.shell:create_environment_hook('fast_lio', 'ld_library_path_lib')
[50.781s] INFO:colcon.colcon_core.shell:Creating environment hook '/home/yd/program/nyx/FAST-LIO/fastlio_ws/install/fast_lio/share/fast_lio/hook/ld_library_path_lib.ps1'
[50.782s] INFO:colcon.colcon_core.shell:Creating environment descriptor '/home/yd/program/nyx/FAST-LIO/fastlio_ws/install/fast_lio/share/fast_lio/hook/ld_library_path_lib.dsv'
[50.782s] INFO:colcon.colcon_core.shell:Creating environment hook '/home/yd/program/nyx/FAST-LIO/fastlio_ws/install/fast_lio/share/fast_lio/hook/ld_library_path_lib.sh'
[50.783s] Level 1:colcon.colcon_core.environment:checking '/home/yd/program/nyx/FAST-LIO/fastlio_ws/install/fast_lio/bin'
[50.783s] Level 1:colcon.colcon_core.environment:checking '/home/yd/program/nyx/FAST-LIO/fastlio_ws/install/fast_lio/lib/pkgconfig/fast_lio.pc'
[50.783s] Level 1:colcon.colcon_core.environment:checking '/home/yd/program/nyx/FAST-LIO/fastlio_ws/install/fast_lio/lib/python3.10/site-packages'
[50.783s] Level 1:colcon.colcon_core.environment:checking '/home/yd/program/nyx/FAST-LIO/fastlio_ws/install/fast_lio/bin'
[50.783s] INFO:colcon.colcon_core.shell:Creating package script '/home/yd/program/nyx/FAST-LIO/fastlio_ws/install/fast_lio/share/fast_lio/package.ps1'
[50.783s] INFO:colcon.colcon_core.shell:Creating package descriptor '/home/yd/program/nyx/FAST-LIO/fastlio_ws/install/fast_lio/share/fast_lio/package.dsv'
[50.784s] INFO:colcon.colcon_core.shell:Creating package script '/home/yd/program/nyx/FAST-LIO/fastlio_ws/install/fast_lio/share/fast_lio/package.sh'
[50.784s] INFO:colcon.colcon_core.shell:Creating package script '/home/yd/program/nyx/FAST-LIO/fastlio_ws/install/fast_lio/share/fast_lio/package.bash'
[50.784s] INFO:colcon.colcon_core.shell:Creating package script '/home/yd/program/nyx/FAST-LIO/fastlio_ws/install/fast_lio/share/fast_lio/package.zsh'
[50.784s] Level 1:colcon.colcon_core.environment:create_file_with_runtime_dependencies(/home/yd/program/nyx/FAST-LIO/fastlio_ws/install/fast_lio/share/colcon-core/packages/fast_lio)
[50.784s] DEBUG:colcon.colcon_parallel_executor.executor.parallel:closing loop
[50.784s] DEBUG:colcon.colcon_parallel_executor.executor.parallel:loop closed
[50.784s] DEBUG:colcon.colcon_parallel_executor.executor.parallel:run_until_complete finished with '0'
[50.784s] DEBUG:colcon.colcon_core.event_reactor:joining thread
[50.787s] INFO:colcon.colcon_core.plugin_system:Skipping extension 'colcon_notification.desktop_notification.terminal_notifier': Not used on non-Darwin systems
[50.787s] INFO:colcon.colcon_core.plugin_system:Skipping extension 'colcon_notification.desktop_notification.win32': Not used on non-Windows systems
[50.787s] INFO:colcon.colcon_notification.desktop_notification:Sending desktop notification using 'notify2'
[50.799s] DEBUG:colcon.colcon_core.event_reactor:joined thread
[50.800s] INFO:colcon.colcon_core.shell:Creating prefix script '/home/yd/program/nyx/FAST-LIO/fastlio_ws/install/local_setup.ps1'
[50.800s] INFO:colcon.colcon_core.shell:Creating prefix util module '/home/yd/program/nyx/FAST-LIO/fastlio_ws/install/_local_setup_util_ps1.py'
[50.801s] INFO:colcon.colcon_core.shell:Creating prefix chain script '/home/yd/program/nyx/FAST-LIO/fastlio_ws/install/setup.ps1'
[50.802s] INFO:colcon.colcon_core.shell:Creating prefix script '/home/yd/program/nyx/FAST-LIO/fastlio_ws/install/local_setup.sh'
[50.802s] INFO:colcon.colcon_core.shell:Creating prefix util module '/home/yd/program/nyx/FAST-LIO/fastlio_ws/install/_local_setup_util_sh.py'
[50.803s] INFO:colcon.colcon_core.shell:Creating prefix chain script '/home/yd/program/nyx/FAST-LIO/fastlio_ws/install/setup.sh'
[50.803s] INFO:colcon.colcon_core.shell:Creating prefix script '/home/yd/program/nyx/FAST-LIO/fastlio_ws/install/local_setup.bash'
[50.803s] INFO:colcon.colcon_core.shell:Creating prefix chain script '/home/yd/program/nyx/FAST-LIO/fastlio_ws/install/setup.bash'
[50.804s] INFO:colcon.colcon_core.shell:Creating prefix script '/home/yd/program/nyx/FAST-LIO/fastlio_ws/install/local_setup.zsh'
[50.804s] INFO:colcon.colcon_core.shell:Creating prefix chain script '/home/yd/program/nyx/FAST-LIO/fastlio_ws/install/setup.zsh'
